<?xml version="1.0" encoding="UTF-8"?>
<!-- Generated by org.testng.reporters.JUnitXMLReporter -->
<testsuite ignored="0" hostname="DESKTOP-UPKDEK7" failures="6" tests="17" name="Test" time="24.5" errors="0" timestamp="2024-07-02T20:23:43 IST">
  <testcase classname="TestPkg2.FormPageTest" name="testFormFieldPresense" time="1.793"/>
  <testcase classname="TestPkg2.FormPageTest" name="testFormSubmission" time="0.566"/>
  <testcase classname="TestPkg2.FormPageTest" name="testFormSubmission" time="0.536"/>
  <testcase classname="TestPkg2.FormPageTest" name="testFormSubmission" time="0.576"/>
  <testcase classname="TestPkg2.FormPageTest" name="testFormSubmission" time="0.607">
    <failure type="java.lang.AssertionError" message="Message text should be as expected expected [email doesn&amp;apos;t have domain] but found [cool, it is done]">
      <![CDATA[java.lang.AssertionError: Message text should be as expected expected [email doesn't have domain] but found [cool, it is done]
at TestPkg2.FormPageTest.testFormSubmission(FormPageTest.java:102)
at java.base/java.util.ArrayList.forEach(ArrayList.java:1597)
... Removed 30 stack frames]]>
    </failure>
  </testcase> <!-- testFormSubmission -->
  <testcase classname="TestPkg2.FormPageTest" name="testFormSubmission" time="0.621">
    <failure type="java.lang.AssertionError" message="Message text should be as expected expected [email doesn&amp;apos;t have valid top-level domain] but found [cool, it is done]">
      <![CDATA[java.lang.AssertionError: Message text should be as expected expected [email doesn't have valid top-level domain] but found [cool, it is done]
at TestPkg2.FormPageTest.testFormSubmission(FormPageTest.java:102)
at java.base/java.util.ArrayList.forEach(ArrayList.java:1597)
... Removed 30 stack frames]]>
    </failure>
  </testcase> <!-- testFormSubmission -->
  <testcase classname="TestPkg2.FormPageTest" name="testFormSubmission" time="1.02">
    <failure type="java.lang.AssertionError" message="Message text should be as expected expected [email can not have consecutive dots] but found [cool, it is done]">
      <![CDATA[java.lang.AssertionError: Message text should be as expected expected [email can not have consecutive dots] but found [cool, it is done]
at TestPkg2.FormPageTest.testFormSubmission(FormPageTest.java:102)
at java.base/java.util.ArrayList.forEach(ArrayList.java:1597)
... Removed 30 stack frames]]>
    </failure>
  </testcase> <!-- testFormSubmission -->
  <testcase classname="TestPkg2.FormPageTest" name="testFormSubmission" time="0.981">
    <failure type="java.lang.AssertionError" message="Message text should be as expected expected [email can not have spaces] but found [cool, it is done]">
      <![CDATA[java.lang.AssertionError: Message text should be as expected expected [email can not have spaces] but found [cool, it is done]
at TestPkg2.FormPageTest.testFormSubmission(FormPageTest.java:102)
at java.base/java.util.ArrayList.forEach(ArrayList.java:1597)
... Removed 30 stack frames]]>
    </failure>
  </testcase> <!-- testFormSubmission -->
  <testcase classname="TestPkg2.FormPageTest" name="testFormSubmission" time="1.038">
    <failure type="java.lang.AssertionError" message="Message text should be as expected expected [email doesn&amp;apos;t have local part] but found [cool, it is done]">
      <![CDATA[java.lang.AssertionError: Message text should be as expected expected [email doesn't have local part] but found [cool, it is done]
at TestPkg2.FormPageTest.testFormSubmission(FormPageTest.java:102)
at java.base/java.util.ArrayList.forEach(ArrayList.java:1597)
... Removed 30 stack frames]]>
    </failure>
  </testcase> <!-- testFormSubmission -->
  <testcase classname="TestPkg2.FormPageTest" name="testFormSubmission" time="1.14">
    <failure type="java.lang.AssertionError" message="Message text should be as expected expected [email have invalid characters] but found [cool, it is done]">
      <![CDATA[java.lang.AssertionError: Message text should be as expected expected [email have invalid characters] but found [cool, it is done]
at TestPkg2.FormPageTest.testFormSubmission(FormPageTest.java:102)
at java.base/java.util.ArrayList.forEach(ArrayList.java:1597)
... Removed 30 stack frames]]>
    </failure>
  </testcase> <!-- testFormSubmission -->
  <testcase classname="TestPkg2.FormPageTest" name="testFormSubmission" time="1.002"/>
  <testcase classname="TestPkg2.FormPageTest" name="testFormSubmission" time="1.027"/>
  <testcase classname="TestPkg2.FormPageTest" name="testFormSubmission" time="1.03"/>
  <testcase classname="TestPkg2.FormPageTest" name="testFormSubmission" time="0.914"/>
  <testcase classname="TestPkg2.FormPageTest" name="testFormSubmission" time="0.854"/>
  <testcase classname="TestPkg2.FormPageTest" name="testFormSubmission" time="0.979"/>
  <testcase classname="TestPkg2.FormPageTest" name="testFormSubmission" time="0.939"/>
</testsuite> <!-- Test -->
